<?xml version="1.0" encoding="UTF-8"?>
<!-- Generated by org.testng.reporters.JUnitReportReporter -->
<testsuite skipped="0" hostname="DESKTOP-RDHN4KM" name="chicago.apiTests.PojoDemo01" tests="1" failures="0" timestamp="06 May 2019 00:28:00 GMT" time="4.435" errors="0">
  <testcase name="singleStudentTest" time="4.435" classname="chicago.apiTests.PojoDemo01"/>
</testsuite> <!-- chicago.apiTests.PojoDemo01 -->
