<?xml version="1.0" encoding="UTF-8"?>
<!-- Generated by org.testng.reporters.JUnitReportReporter -->
<testsuite skipped="0" hostname="DESKTOP-RDHN4KM" name="chicago.PojoDemo" tests="1" failures="0" timestamp="11 Mar 2019 05:32:49 GMT" time="0.280" errors="0">
  <testcase name="instructor" time="0.280" classname="chicago.PojoDemo"/>
</testsuite> <!-- chicago.PojoDemo -->
