<?xml version="1.0" encoding="UTF-8"?>
<!-- Generated by org.testng.reporters.JUnitReportReporter -->
<testsuite skipped="0" hostname="DESKTOP-RDHN4KM" name="API_Batch10.PathParameterDemo" tests="1" failures="0" timestamp="05 May 2019 04:04:10 GMT" time="4.185" errors="0">
  <testcase name="getCityNameTest" time="4.185" classname="API_Batch10.PathParameterDemo"/>
</testsuite> <!-- API_Batch10.PathParameterDemo -->
