<?xml version="1.0" encoding="UTF-8"?>
<!-- Generated by org.testng.reporters.JUnitReportReporter -->
<testsuite skipped="0" hostname="DESKTOP-RDHN4KM" name="API_Batch10.PostStudentTest" tests="2" failures="0" timestamp="28 Apr 2019 19:57:11 GMT" time="3.801" errors="0">
  <testcase name="postStudent" time="2.987" classname="API_Batch10.PostStudentTest"/>
  <testcase name="verifyStudent" time="0.814" classname="API_Batch10.PostStudentTest"/>
</testsuite> <!-- API_Batch10.PostStudentTest -->
