<?xml version="1.0" encoding="UTF-8"?>
<!-- Generated by org.testng.reporters.JUnitReportReporter -->
<testsuite skipped="0" hostname="DESKTOP-RDHN4KM" name="cybertek_batch8.JsonWithDataBind02" tests="1" failures="0" timestamp="01 May 2019 18:15:38 GMT" time="3.649" errors="0">
  <testcase name="test_Create_User_Body_HashMap" time="3.649" classname="cybertek_batch8.JsonWithDataBind02"/>
</testsuite> <!-- cybertek_batch8.JsonWithDataBind02 -->
