<?xml version="1.0" encoding="UTF-8"?>
<!-- Generated by org.testng.reporters.JUnitReportReporter -->
<testsuite skipped="0" hostname="DESKTOP-RDHN4KM" name="cybertek_batch8.APITest03" tests="1" failures="0" timestamp="02 May 2019 05:16:52 GMT" time="1.890" errors="0">
  <testcase name="driverInfo" time="1.890" classname="cybertek_batch8.APITest03"/>
</testsuite> <!-- cybertek_batch8.APITest03 -->
