<?xml version="1.0" encoding="UTF-8"?>
<!-- Generated by org.testng.reporters.JUnitReportReporter -->
<testsuite skipped="0" hostname="DESKTOP-RDHN4KM" name="API_Batch10.VerifyingResponseBody" tests="4" failures="0" timestamp="05 May 2019 22:46:21 GMT" time="6.826" errors="0">
  <testcase name="testBody3" time="0.599" classname="API_Batch10.VerifyingResponseBody"/>
  <testcase name="verifyNumberOfResults" time="0.460" classname="API_Batch10.VerifyingResponseBody"/>
  <testcase name="testBody" time="5.204" classname="API_Batch10.VerifyingResponseBody"/>
  <testcase name="testBody2" time="0.563" classname="API_Batch10.VerifyingResponseBody"/>
</testsuite> <!-- API_Batch10.VerifyingResponseBody -->
