<?xml version="1.0" encoding="UTF-8"?>
<!-- Generated by org.testng.reporters.JUnitReportReporter -->
<testsuite skipped="0" hostname="DESKTOP-RDHN4KM" name="API_Batch10.Homework" tests="1" failures="0" timestamp="04 May 2019 21:11:35 GMT" time="2.503" errors="0">
  <testcase name="userTest" time="2.503" classname="API_Batch10.Homework"/>
</testsuite> <!-- API_Batch10.Homework -->
