<?xml version="1.0" encoding="UTF-8"?>
<!-- Generated by org.testng.reporters.JUnitReportReporter -->
<testsuite skipped="0" hostname="DESKTOP-RDHN4KM" name="chicago.PojoDemo02" tests="1" failures="0" timestamp="11 Mar 2019 17:00:32 GMT" time="1.966" errors="0">
  <testcase name="instructorList" time="1.966" classname="chicago.PojoDemo02"/>
</testsuite> <!-- chicago.PojoDemo02 -->
