<?xml version="1.0" encoding="UTF-8"?>
<!-- Generated by org.testng.reporters.JUnitReportReporter -->
<testsuite skipped="0" hostname="DESKTOP-RDHN4KM" name="cybertek_batch8.ResponseManipulation" tests="1" failures="0" timestamp="02 May 2019 05:15:29 GMT" time="1.928" errors="0">
  <testcase name="driverInfoTest" time="1.928" classname="cybertek_batch8.ResponseManipulation"/>
</testsuite> <!-- cybertek_batch8.ResponseManipulation -->
