<?xml version="1.0" encoding="UTF-8"?>
<!-- Generated by org.testng.reporters.JUnitReportReporter -->
<testsuite skipped="0" hostname="DESKTOP-RDHN4KM" name="cybertek_batch8.SimplePojoDemo" tests="1" failures="0" timestamp="02 May 2019 04:28:36 GMT" time="0.903" errors="0">
  <testcase name="databindTestArray" time="0.903" classname="cybertek_batch8.SimplePojoDemo"/>
</testsuite> <!-- cybertek_batch8.SimplePojoDemo -->
