<?xml version="1.0" encoding="UTF-8"?>
<!-- Generated by org.testng.reporters.JUnitReportReporter -->
<testsuite skipped="0" hostname="DESKTOP-RDHN4KM" name="cybertek_batch8.JWT_Authentication01" tests="1" failures="0" timestamp="03 May 2019 12:46:46 GMT" time="4.883" errors="0">
  <testcase name="jwt_auth_test" time="4.883" classname="cybertek_batch8.JWT_Authentication01"/>
</testsuite> <!-- cybertek_batch8.JWT_Authentication01 -->
