<?xml version="1.0" encoding="UTF-8"?>
<!-- Generated by org.testng.reporters.JUnitReportReporter -->
<testsuite skipped="0" hostname="DESKTOP-RDHN4KM" name="cybertek_batch8.JWT_Authentication" tests="1" failures="0" timestamp="10 Mar 2019 23:04:08 GMT" time="4.281" errors="0">
  <testcase name="jwt_auth_test" time="4.281" classname="cybertek_batch8.JWT_Authentication"/>
</testsuite> <!-- cybertek_batch8.JWT_Authentication -->
