<?xml version="1.0" encoding="UTF-8"?>
<!-- Generated by org.testng.reporters.JUnitReportReporter -->
<testsuite skipped="0" hostname="DESKTOP-RDHN4KM" name="cybertek_batch8.ResponseManipulation02" tests="1" failures="0" timestamp="02 May 2019 15:06:19 GMT" time="2.583" errors="0">
  <testcase name="test_JSONPathFirstAuthor" time="2.583" classname="cybertek_batch8.ResponseManipulation02"/>
</testsuite> <!-- cybertek_batch8.ResponseManipulation02 -->
