<?xml version="1.0" encoding="UTF-8"?>
<!-- Generated by org.testng.reporters.JUnitReportReporter -->
<testsuite skipped="0" hostname="DESKTOP-RDHN4KM" name="cybertek_batch8.APITestGOT" tests="1" failures="0" timestamp="02 May 2019 02:01:31 GMT" time="3.136" errors="0">
  <testcase name="testGOT" time="3.136" classname="cybertek_batch8.APITestGOT"/>
</testsuite> <!-- cybertek_batch8.APITestGOT -->
