<?xml version="1.0" encoding="UTF-8"?>
<!-- Generated by org.testng.reporters.JUnitReportReporter -->
<testsuite skipped="0" hostname="DESKTOP-RDHN4KM" name="API_Batch10.AccessTokenDemo" tests="1" failures="0" timestamp="05 Jul 2019 01:10:05 GMT" time="3.542" errors="0">
  <testcase name="getTokenTest" time="3.542" classname="API_Batch10.AccessTokenDemo"/>
</testsuite> <!-- API_Batch10.AccessTokenDemo -->
