<?xml version="1.0" encoding="UTF-8"?>
<!-- Generated by org.testng.reporters.JUnitReportReporter -->
<testsuite skipped="0" hostname="DESKTOP-RDHN4KM" name="API_Batch10.TestAssuredLogginExample" tests="1" failures="0" timestamp="13 Mar 2019 00:29:33 GMT" time="5.172" errors="0">
  <testcase name="logginTest" time="5.172" classname="API_Batch10.TestAssuredLogginExample"/>
</testsuite> <!-- API_Batch10.TestAssuredLogginExample -->
