<?xml version="1.0" encoding="UTF-8"?>
<!-- Generated by org.testng.reporters.JUnitReportReporter -->
<testsuite skipped="0" hostname="DESKTOP-RDHN4KM" name="cybertek_batch8.Test01" tests="1" failures="0" timestamp="12 Mar 2019 17:12:52 GMT" time="2.768" errors="0">
  <testcase name="testGOT" time="2.768" classname="cybertek_batch8.Test01"/>
</testsuite> <!-- cybertek_batch8.Test01 -->
