<?xml version="1.0" encoding="UTF-8"?>
<!-- Generated by org.testng.reporters.JUnitReportReporter -->
<testsuite skipped="0" hostname="DESKTOP-RDHN4KM" name="API_Batch10.PostRequestDemo" tests="1" failures="0" timestamp="05 May 2019 19:33:07 GMT" time="8.099" errors="0">
  <testcase name="getToken" time="8.099" classname="API_Batch10.PostRequestDemo"/>
</testsuite> <!-- API_Batch10.PostRequestDemo -->
