<?xml version="1.0" encoding="UTF-8"?>
<!-- Generated by org.testng.reporters.JUnitReportReporter -->
<testsuite skipped="0" hostname="DESKTOP-RDHN4KM" name="API_Batch10.HeaderValidation" tests="1" failures="0" timestamp="13 Mar 2019 01:43:36 GMT" time="1.817" errors="0">
  <testcase name="headerTest" time="1.817" classname="API_Batch10.HeaderValidation"/>
</testsuite> <!-- API_Batch10.HeaderValidation -->
