<?xml version="1.0" encoding="UTF-8"?>
<!-- Generated by org.testng.reporters.JUnitReportReporter -->
<testsuite skipped="0" hostname="DESKTOP-RDHN4KM" name="API_Batch10.AuthenticationDemo" tests="1" failures="0" timestamp="03 May 2019 12:52:23 GMT" time="2.885" errors="0">
  <testcase name="basicAuthenticationPos" time="2.885" classname="API_Batch10.AuthenticationDemo"/>
</testsuite> <!-- API_Batch10.AuthenticationDemo -->
