<?xml version="1.0" encoding="UTF-8"?>
<!-- Generated by org.testng.reporters.JUnitReportReporter -->
<testsuite skipped="0" hostname="DESKTOP-RDHN4KM" name="cybertek_batch8.APITest01" tests="2" failures="0" timestamp="29 Apr 2019 03:06:56 GMT" time="2.569" errors="0">
  <testcase name="test1" time="1.671" classname="cybertek_batch8.APITest01"/>
  <testcase name="test4" time="0.898" classname="cybertek_batch8.APITest01"/>
</testsuite> <!-- cybertek_batch8.APITest01 -->
