<?xml version="1.0" encoding="UTF-8"?>
<!-- Generated by org.testng.reporters.JUnitReportReporter -->
<testsuite skipped="0" hostname="DESKTOP-RDHN4KM" name="API_Batch10.RelaxedHTTPSValidation" tests="1" failures="0" timestamp="05 May 2019 20:10:50 GMT" time="4.299" errors="0">
  <testcase name="releaxedYo" time="4.299" classname="API_Batch10.RelaxedHTTPSValidation"/>
</testsuite> <!-- API_Batch10.RelaxedHTTPSValidation -->
