<?xml version="1.0" encoding="UTF-8"?>
<!-- Generated by org.testng.reporters.JUnitReportReporter -->
<testsuite skipped="0" hostname="DESKTOP-RDHN4KM" name="API_Batch10.Practice01" tests="2" failures="0" timestamp="10 Mar 2019 15:40:14 GMT" time="4.084" errors="0">
  <testcase name="continentTest" time="3.283" classname="API_Batch10.Practice01"/>
  <testcase name="episodesTest" time="0.801" classname="API_Batch10.Practice01"/>
</testsuite> <!-- API_Batch10.Practice01 -->
