<?xml version="1.0" encoding="UTF-8"?>
<!-- Generated by org.testng.reporters.JUnitReportReporter -->
<testsuite skipped="0" hostname="DESKTOP-RDHN4KM" name="API_Batch10.SerializationWithRestAssured" tests="1" failures="0" timestamp="05 May 2019 20:13:41 GMT" time="4.872" errors="0">
  <testcase name="testListOfObjects" time="4.872" classname="API_Batch10.SerializationWithRestAssured"/>
</testsuite> <!-- API_Batch10.SerializationWithRestAssured -->
