<?xml version="1.0" encoding="UTF-8"?>
<!-- Generated by org.testng.reporters.JUnitReportReporter -->
<testsuite skipped="0" hostname="DESKTOP-RDHN4KM" name="com.api_testing.GetData" tests="2" failures="0" timestamp="02 May 2019 22:27:10 GMT" time="36.293" errors="0">
  <testcase name="testResponsecode2" time="33.529" classname="com.api_testing.GetData"/>
  <testcase name="testResponsecode1" time="2.764" classname="com.api_testing.GetData"/>
</testsuite> <!-- com.api_testing.GetData -->
