<?xml version="1.0" encoding="UTF-8"?>
<!-- Generated by org.testng.reporters.JUnitReportReporter -->
<testsuite skipped="0" hostname="DESKTOP-RDHN4KM" name="API_Batch10.JsonPathExamples" tests="1" failures="0" timestamp="05 May 2019 01:13:54 GMT" time="5.184" errors="0">
  <testcase name="test" time="5.184" classname="API_Batch10.JsonPathExamples"/>
</testsuite> <!-- API_Batch10.JsonPathExamples -->
