<?xml version="1.0" encoding="UTF-8"?>
<!-- Generated by org.testng.reporters.JUnitReportReporter -->
<testsuite skipped="0" hostname="DESKTOP-RDHN4KM" name="API_Batch10.QueryParameterDemo" tests="5" failures="0" timestamp="05 May 2019 20:08:32 GMT" time="6.594" errors="0">
  <testcase name="cgetAmountAndRegionTest" time="0.941" classname="API_Batch10.QueryParameterDemo"/>
  <testcase name="agetCityNameTest" time="3.501" classname="API_Batch10.QueryParameterDemo"/>
  <testcase name="dgetAmountAndRegionGenderTest" time="0.898" classname="API_Batch10.QueryParameterDemo"/>
  <testcase name="amountAndRegionTest" time="0.444" classname="API_Batch10.QueryParameterDemo"/>
  <testcase name="bgetRegionNameTest" time="0.810" classname="API_Batch10.QueryParameterDemo"/>
</testsuite> <!-- API_Batch10.QueryParameterDemo -->
