<?xml version="1.0" encoding="UTF-8"?>
<!-- Generated by org.testng.reporters.JUnitReportReporter -->
<testsuite skipped="0" hostname="DESKTOP-RDHN4KM" name="chicago.apiTests.PojoDemo02" tests="1" failures="0" timestamp="06 May 2019 00:26:52 GMT" time="4.024" errors="0">
  <testcase name="instructorList" time="4.024" classname="chicago.apiTests.PojoDemo02"/>
</testsuite> <!-- chicago.apiTests.PojoDemo02 -->
