<?xml version="1.0" encoding="UTF-8"?>
<!-- Generated by org.testng.reporters.JUnitReportReporter -->
<testsuite skipped="0" hostname="DESKTOP-RDHN4KM" name="API_Batch10.PojoExample" tests="6" failures="0" timestamp="20 Mar 2019 00:52:24 GMT" time="3.342" errors="0">
  <testcase name="testGSon01" time="0.080" classname="API_Batch10.PojoExample"/>
  <testcase name="testGSon02" time="0.003" classname="API_Batch10.PojoExample"/>
  <testcase name="testObjectMapper01" time="0.327" classname="API_Batch10.PojoExample"/>
  <testcase name="testObjectMapper02" time="0.005" classname="API_Batch10.PojoExample"/>
  <testcase name="testGsonAndObjectMapper" time="0.003" classname="API_Batch10.PojoExample"/>
  <testcase name="testFromAPI" time="2.924" classname="API_Batch10.PojoExample"/>
</testsuite> <!-- API_Batch10.PojoExample -->
