<?xml version="1.0" encoding="UTF-8"?>
<!-- Generated by org.testng.reporters.JUnitReportReporter -->
<testsuite skipped="0" hostname="DESKTOP-RDHN4KM" name="cybertek_batch8.JWT_Authentication02" tests="1" failures="0" timestamp="02 May 2019 18:26:50 GMT" time="3.097" errors="0">
  <testcase name="connectToCyberTekCanvasAPI2" time="3.097" classname="cybertek_batch8.JWT_Authentication02"/>
</testsuite> <!-- cybertek_batch8.JWT_Authentication02 -->
