<?xml version="1.0" encoding="UTF-8"?>
<!-- Generated by org.testng.reporters.JUnitReportReporter -->
<testsuite skipped="0" hostname="DESKTOP-RDHN4KM" name="chicago.PojoDemo01" tests="1" failures="0" timestamp="11 Mar 2019 16:30:16 GMT" time="1.971" errors="0">
  <testcase name="singleStudentTest" time="1.971" classname="chicago.PojoDemo01"/>
</testsuite> <!-- chicago.PojoDemo01 -->
