<?xml version="1.0" encoding="UTF-8"?>
<!-- Generated by org.testng.reporters.JUnitReportReporter -->
<testsuite skipped="0" hostname="DESKTOP-RDHN4KM" name="cybertek_batch8.APITest02" tests="1" failures="0" timestamp="08 Mar 2019 06:34:38 GMT" time="2.849" errors="0">
  <testcase name="test_admin_user_can_create_user" time="2.849" classname="cybertek_batch8.APITest02"/>
</testsuite> <!-- cybertek_batch8.APITest02 -->
