<?xml version="1.0" encoding="UTF-8"?>
<!-- Generated by org.testng.reporters.JUnitReportReporter -->
<testsuite skipped="0" hostname="DESKTOP-RDHN4KM" name="API_Batch10.HamCrestMatchersDemo" tests="1" failures="0" timestamp="12 Mar 2019 23:56:58 GMT" time="0.024" errors="0">
  <testcase name="test" time="0.024" classname="API_Batch10.HamCrestMatchersDemo"/>
</testsuite> <!-- API_Batch10.HamCrestMatchersDemo -->
