<?xml version="1.0" encoding="UTF-8"?>
<!-- Generated by org.testng.reporters.JUnitReportReporter -->
<testsuite skipped="0" hostname="DESKTOP-RDHN4KM" name="API_Batch10.JsonPayLoadExample" tests="1" failures="0" timestamp="05 May 2019 06:23:15 GMT" time="5.756" errors="0">
  <testcase name="payloadTest" time="5.756" classname="API_Batch10.JsonPayLoadExample"/>
</testsuite> <!-- API_Batch10.JsonPayLoadExample -->
