<?xml version="1.0" encoding="UTF-8"?>
<!-- Generated by org.testng.reporters.JUnitReportReporter -->
<testsuite skipped="0" hostname="DESKTOP-RDHN4KM" name="cybertek_batch8.JsonWithDataBind" tests="1" failures="0" timestamp="30 Apr 2019 00:34:10 GMT" time="0.313" errors="0">
  <testcase name="databindTest" time="0.313" classname="cybertek_batch8.JsonWithDataBind"/>
</testsuite> <!-- cybertek_batch8.JsonWithDataBind -->
