<?xml version="1.0" encoding="UTF-8"?>
<!-- Generated by org.testng.reporters.JUnitReportReporter -->
<testsuite skipped="0" hostname="DESKTOP-RDHN4KM" name="API_Batch10.StatusCodeValidation" tests="1" failures="0" timestamp="13 Mar 2019 00:52:55 GMT" time="2.132" errors="0">
  <testcase name="testOK" time="2.132" classname="API_Batch10.StatusCodeValidation"/>
</testsuite> <!-- API_Batch10.StatusCodeValidation -->
