<?xml version="1.0" encoding="UTF-8"?>
<!-- Generated by org.testng.reporters.JUnitReportReporter -->
<testsuite skipped="0" hostname="DESKTOP-RDHN4KM" name="API_Batch10.PostStudentTest" tests="2" failures="0" timestamp="05 Jul 2019 01:11:12 GMT" time="5.730" errors="0">
  <testcase name="postStudent" time="4.731" classname="API_Batch10.PostStudentTest"/>
  <testcase name="verifyStudent" time="0.999" classname="API_Batch10.PostStudentTest"/>
</testsuite> <!-- API_Batch10.PostStudentTest -->
